<?xml version="1.0" encoding="UTF-8"?>
<!-- Generated by org.testng.reporters.JUnitReportReporter -->
<testsuite hostname="ATLBLRLP-10" failures="0" tests="1" name="script.checkusername" time="20.712" errors="0" timestamp="2019-11-19T18:21:16 IST" skipped="0">
  <testcase classname="script.checkusername" name="testcheckusername" time="20.712"/>
</testsuite> <!-- script.checkusername -->
